[2026-06-04 12:54:42] ============================================================
[2026-06-04 12:54:42] 🚀 NIFTY 500 + FNO ACQUISITION (5-YEAR PERIOD)
[2026-06-04 12:54:42] ============================================================
[2026-06-04 12:54:42] Loaded 504 symbols
[2026-06-04 12:54:46] Starting DB count: 9,328
[2026-06-04 12:54:46] [1/504] 360ONE.NS...
[2026-06-04 12:54:47] ❌ DPY-4009: 18 positional bind values are required b
[2026-06-04 12:54:47] [2/504] 3MINDIA.NS...
[2026-06-04 12:54:47] ❌ DPY-4009: 18 positional bind values are required b
[2026-06-04 12:54:48] [3/504] ABB.NS...
[2026-06-04 12:54:48] ❌ DPY-4009: 18 positional bind values are required b
[2026-06-04 12:54:48] [4/504] ACC.NS...
[2026-06-04 12:54:49] ❌ DPY-4009: 18 positional bind values are required b
[2026-06-04 12:54:49] [5/504] ACMESOLAR.NS...
[2026-06-04 12:54:49] ❌ DPY-4009: 18 positional bind values are required b
[2026-06-04 12:54:49] [6/504] AIAENG.NS...
[2026-06-04 12:54:50] ❌ DPY-4009: 18 positional bind values are required b
[2026-06-04 12:54:50] [7/504] APLAPOLLO.NS...
[2026-06-04 12:54:50] ❌ DPY-4009: 18 positional bind values are required b
[2026-06-04 12:54:51] [8/504] AUBANK.NS...
[2026-06-04 12:54:51] ❌ DPY-4009: 18 positional bind values are required b
[2026-06-04 12:54:51] [9/504] AWL.NS...
[2026-06-04 12:54:51] ❌ DPY-4009: 18 positional bind values are required b
[2026-06-04 12:54:52] [10/504] AADHARHFC.NS...
[2026-06-04 12:54:52] ❌ DPY-4009: 18 positional bind values are required b
[2026-06-04 12:54:52] [11/504] AARTIIND.NS...
[2026-06-04 12:54:52] ❌ DPY-4009: 18 positional bind values are required b
[2026-06-04 12:54:53] [12/504] AAVAS.NS...
[2026-06-04 12:54:53] ❌ DPY-4009: 18 positional bind values are required b
[2026-06-04 12:54:53] [13/504] ABBOTINDIA.NS...
[2026-06-04 12:54:53] ❌ DPY-4009: 18 positional bind values are required b
[2026-06-04 12:54:54] [14/504] ACE.NS...
[2026-06-04 12:54:54] ❌ DPY-4009: 18 positional bind values are required b
[2026-06-04 12:54:54] [15/504] ACUTAAS.NS...
[2026-06-04 12:54:55] ❌ DPY-4009: 18 positional bind values are required b
[2026-06-04 12:54:55] [16/504] ADANIENSOL.NS...
[2026-06-04 12:54:55] ❌ DPY-4009: 18 positional bind values are required b
[2026-06-04 12:54:55] [17/504] ADANIENT.NS...
[2026-06-04 12:54:56] ❌ DPY-4009: 18 positional bind values are required b
[2026-06-04 12:54:56] [18/504] ADANIGREEN.NS...
[2026-06-04 12:54:56] ❌ DPY-4009: 18 positional bind values are required b
[2026-06-04 12:54:57] [19/504] ADANIPORTS.NS...
[2026-06-04 12:54:57] ❌ DPY-4009: 18 positional bind values are required b
[2026-06-04 12:54:57] [20/504] ADANIPOWER.NS...
[2026-06-04 12:54:57] ❌ DPY-4009: 18 positional bind values are required b
[2026-06-04 12:54:58] [21/504] ATGL.NS...
[2026-06-04 12:54:58] ❌ DPY-4009: 18 positional bind values are required b
[2026-06-04 12:54:58] [22/504] ABCAPITAL.NS...
[2026-06-04 12:54:59] ❌ DPY-4009: 18 positional bind values are required b
[2026-06-04 12:54:59] [23/504] ABFRL.NS...
[2026-06-04 12:54:59] ❌ DPY-4009: 18 positional bind values are required b
[2026-06-04 12:54:59] [24/504] ABLBL.NS...
[2026-06-04 12:55:00] ❌ DPY-4009: 18 positional bind values are required b
[2026-06-04 12:55:00] [25/504] ABREL.NS...
[2026-06-04 12:55:00] ❌ DPY-4009: 18 positional bind values are required b
[2026-06-04 12:55:00] [26/504] ABSLAMC.NS...
[2026-06-04 12:55:01] ❌ DPY-4009: 18 positional bind values are required b
[2026-06-04 12:55:01] [27/504] CPPLUS.NS...
[2026-06-04 12:55:01] ❌ DPY-4009: 18 positional bind values are required b
[2026-06-04 12:55:02] [28/504] AEGISLOG.NS...
[2026-06-04 12:55:02] ❌ DPY-4009: 18 positional bind values are required b
[2026-06-04 12:55:02] [29/504] AEGISVOPAK.NS...
[2026-06-04 12:55:02] ❌ DPY-4009: 18 positional bind values are required b
[2026-06-04 12:55:03] [30/504] AFCONS.NS...
[2026-06-04 12:55:03] ❌ DPY-4009: 18 positional bind values are required b
[2026-06-04 12:55:03] [31/504] AFFLE.NS...
[2026-06-04 12:55:03] ❌ DPY-4009: 18 positional bind values are required b
[2026-06-04 12:55:04] [32/504] AJANTPHARM.NS...
[2026-06-04 12:55:04] ❌ DPY-4009: 18 positional bind values are required b
[2026-06-04 12:55:04] [33/504] ALKEM.NS...
[2026-06-04 12:55:04] ❌ DPY-4009: 18 positional bind values are required b
[2026-06-04 12:55:05] [34/504] ABDL.NS...
[2026-06-04 12:55:05] ❌ DPY-4009: 18 positional bind values are required b
[2026-06-04 12:55:05] [35/504] ARE&M.NS...
[2026-06-04 12:55:06] ❌ DPY-4009: 18 positional bind values are required b
[2026-06-04 12:55:06] [36/504] AMBER.NS...
[2026-06-04 12:55:06] ❌ DPY-4009: 18 positional bind values are required b
[2026-06-04 12:55:07] [37/504] AMBUJACEM.NS...
[2026-06-04 12:55:07] ❌ DPY-4009: 18 positional bind values are required b
[2026-06-04 12:55:07] [38/504] ANANDRATHI.NS...
[2026-06-04 12:55:07] ❌ DPY-4009: 18 positional bind values are required b
[2026-06-04 12:55:08] [39/504] ANANTRAJ.NS...
[2026-06-04 12:55:08] ❌ DPY-4009: 18 positional bind values are required b
[2026-06-04 12:55:08] [40/504] ANGELONE.NS...
[2026-06-04 12:55:09] ❌ DPY-4009: 18 positional bind values are required b
[2026-06-04 12:55:09] [41/504] ANTHEM.NS...
[2026-06-04 12:55:09] ❌ DPY-4009: 18 positional bind values are required b
[2026-06-04 12:55:09] [42/504] ANURAS.NS...
[2026-06-04 12:55:10] ❌ DPY-4009: 18 positional bind values are required b
[2026-06-04 12:55:10] [43/504] APARINDS.NS...
[2026-06-04 12:55:10] ❌ DPY-4009: 18 positional bind values are required b
[2026-06-04 12:55:11] [44/504] APOLLOHOSP.NS...
[2026-06-04 12:55:11] ❌ DPY-4009: 18 positional bind values are required b
[2026-06-04 12:55:11] [45/504] APOLLOTYRE.NS...
[2026-06-04 12:55:12] ❌ DPY-4009: 18 positional bind values are required b
[2026-06-04 12:55:12] [46/504] APTUS.NS...
[2026-06-04 12:55:12] ❌ DPY-4009: 18 positional bind values are required b
[2026-06-04 12:55:12] [47/504] ASAHIINDIA.NS...
[2026-06-04 12:55:13] ❌ DPY-4009: 18 positional bind values are required b
[2026-06-04 12:55:13] [48/504] ASHOKLEY.NS...
[2026-06-04 12:55:13] ❌ DPY-4009: 18 positional bind values are required b
[2026-06-04 12:55:13] [49/504] ASIANPAINT.NS...
[2026-06-04 12:55:14] ❌ DPY-4009: 18 positional bind values are required b
[2026-06-04 12:55:14] [50/504] ASTERDM.NS...
[2026-06-04 12:55:14] ❌ DPY-4009: 18 positional bind values are required b
[2026-06-04 12:55:14] [51/504] ASTRAL.NS...
[2026-06-04 12:55:15] ❌ DPY-4009: 18 positional bind values are required b
[2026-06-04 12:55:15] [52/504] ATHERENERG.NS...
[2026-06-04 12:55:15] ❌ DPY-4009: 18 positional bind values are required b
[2026-06-04 12:55:16] [53/504] ATUL.NS...
[2026-06-04 12:55:16] ❌ DPY-4009: 18 positional bind values are required b
[2026-06-04 12:55:16] [54/504] AUROPHARMA.NS...
[2026-06-04 12:55:17] ❌ DPY-4009: 18 positional bind values are required b
[2026-06-04 12:55:17] [55/504] AIIL.NS...
[2026-06-04 12:55:17] ❌ DPY-4009: 18 positional bind values are required b
[2026-06-04 12:55:18] [56/504] DMART.NS...
[2026-06-04 12:55:18] ❌ DPY-4009: 18 positional bind values are required b
[2026-06-04 12:55:18] [57/504] AXISBANK.NS...
[2026-06-04 12:55:18] ❌ DPY-4009: 18 positional bind values are required b
[2026-06-04 12:55:19] [58/504] BEML.NS...
[2026-06-04 12:55:19] ❌ DPY-4009: 18 positional bind values are required b
[2026-06-04 12:55:20] [59/504] BLS.NS...
[2026-06-04 12:55:20] ❌ DPY-4009: 18 positional bind values are required b
[2026-06-04 12:55:20] [60/504] BSE.NS...
[2026-06-04 12:55:20] ❌ DPY-4009: 18 positional bind values are required b
[2026-06-04 12:55:21] [61/504] BAJAJ-AUTO.NS...
[2026-06-04 12:55:21] ❌ DPY-4009: 18 positional bind values are required b
[2026-06-04 12:55:21] [62/504] BAJFINANCE.NS...
[2026-06-04 12:55:22] ❌ DPY-4009: 18 positional bind values are required b
[2026-06-04 12:55:22] [63/504] BAJAJFINSV.NS...
[2026-06-04 12:55:22] ❌ DPY-4009: 18 positional bind values are required b
[2026-06-04 12:55:23] [64/504] BAJAJHLDNG.NS...
[2026-06-04 12:55:23] ❌ DPY-4009: 18 positional bind values are required b
[2026-06-04 12:55:23] [65/504] BAJAJHFL.NS...
[2026-06-04 12:55:23] ❌ DPY-4009: 18 positional bind values are required b
[2026-06-04 12:55:23] [66/504] BALKRISIND.NS...
[2026-06-04 12:55:24] ❌ DPY-4009: 18 positional bind values are required b
[2026-06-04 12:55:24] [67/504] BALRAMCHIN.NS...
[2026-06-04 12:55:24] ❌ DPY-4009: 18 positional bind values are required b
[2026-06-04 12:55:25] [68/504] BANDHANBNK.NS...
[2026-06-04 12:55:25] ❌ DPY-4009: 18 positional bind values are required b
[2026-06-04 12:55:25] [69/504] BANKBARODA.NS...
[2026-06-04 12:55:26] ❌ DPY-4009: 18 positional bind values are required b
[2026-06-04 12:55:26] [70/504] BANKINDIA.NS...
[2026-06-04 12:55:26] ❌ DPY-4009: 18 positional bind values are required b
[2026-06-04 12:55:26] [71/504] MAHABANK.NS...
[2026-06-04 12:55:27] ❌ DPY-4009: 18 positional bind values are required b
[2026-06-04 12:55:27] [72/504] BATAINDIA.NS...
[2026-06-04 12:55:27] ❌ DPY-4009: 18 positional bind values are required b
